<?xml version="1.0" encoding="UTF-8"?>
<testsuite name="ca.uvic.seng330.assn3.SomeTests" tests="1" skipped="0" failures="0" errors="0" timestamp="2018-10-31T23:49:30" hostname="w134-87-134-048.wireless.uvic.ca" time="0.016">
  <properties/>
  <testcase name="testsomething" classname="ca.uvic.seng330.assn3.SomeTests" time="0.016"/>
  <system-out><![CDATA[]]></system-out>
  <system-err><![CDATA[]]></system-err>
</testsuite>
